Build started 1/16/2022 11:04:25 AM.
     1>Project "E:\Source code modding\funni\src\game\client\client_episodic.vcxproj" on node 2 (Build target(s)).
     1>PreBuildEvent:
         if EXIST ..\..\..\game\mod_episodic\bin\.\client.dll for /f "delims=" %%A in ('attrib "..\..\..\game\mod_episodic\bin\.\client.dll"') do set valveTmpIsReadOnly="%%A"
         set valveTmpIsReadOnlyLetter=%valveTmpIsReadOnly:~6,1%
         if "%valveTmpIsReadOnlyLetter%"=="R" del /q "E:\Source code modding\funni\src\game\client\Debug_mod_episodic\"client.dll
         if exist "..\..\devtools\bin\vpc.exe" "..\..\devtools\bin\vpc.exe" -crc2 "client_episodic.vcxproj"
         if ERRORLEVEL 1 exit /b 1
         
         :VCEnd
       CustomBuild:
         Running VPC CRC Check - client_episodic.vpc
         The process cannot access the file because it is being used by another process.
       Link:
         client_episodic.vcxproj -> E:\Source code modding\funni\src\game\client\.\Debug_mod_episodic\client.dll
       PostBuildEvent:
         if not exist "..\..\..\game\mod_episodic\bin\." mkdir "..\..\..\game\mod_episodic\bin\."
         copy "E:\Source code modding\funni\src\game\client\Debug_mod_episodic\client.dll" "..\..\..\game\mod_episodic\bin\.\client.dll"
         if ERRORLEVEL 1 goto BuildEventFailed
         if exist "E:\Source code modding\funni\src\game\client\Debug_mod_episodic\client.map" copy "E:\Source code modding\funni\src\game\client\Debug_mod_episodic\client.map" ..\..\..\game\mod_episodic\bin\.\client.map
         copy "E:\Source code modding\funni\src\game\client\Debug_mod_episodic\client.pdb" ..\..\..\game\mod_episodic\bin\.\client.pdb
         if ERRORLEVEL 1 goto BuildEventFailed
         goto BuildEventOK
         :BuildEventFailed
         echo *** ERROR! PostBuildStep FAILED for Client (Episodic)! EXE or DLL is probably running. ***
         del /q "E:\Source code modding\funni\src\game\client\Debug_mod_episodic\client.dll"
         exit 1
         :BuildEventOK
         
         :VCEnd
                 1 file(s) copied.
                 1 file(s) copied.
     1>Done Building Project "E:\Source code modding\funni\src\game\client\client_episodic.vcxproj" (Build target(s)).

Build succeeded.

Time Elapsed 00:00:02.02
